nohup: ignoring input
/etc/timezone is deprecated on Debian, and no longer reliable. Ignoring.

[INFO] Processing: Landis + Gyr GmbH
[INFO] Skipping Landis + Gyr GmbH - folder already exists with content.

[INFO] Processing: Wera Werkzeuge GmbH
[INFO] No dictionary reports found for Wera Werkzeuge GmbH (data might be incomplete).

[INFO] Processing: Robert Bosch Lollar Guss GmbH
[INFO] Skipping Robert Bosch Lollar Guss GmbH - folder already exists with content.

[INFO] Processing: Stanz- und Biegetechnik
[INFO] Skipping Stanz- und Biegetechnik - folder already exists with content.

[INFO] Processing: LUBING Maschinenfabrik Ludwig Bening
[ERROR] 'LUBING Maschinenfabrik Ludwig Bening' returned NoneType. Skipping to next company.
[INFO] No valid (dict) reports to store for LUBING Maschinenfabrik Ludwig Bening.

[INFO] Processing: Water & Wastewater Technic WWT GmbH
[INFO] Skipping Water & Wastewater Technic WWT GmbH - folder already exists with content.

[INFO] Processing: ABERLE Stahlguss GmbH
[INFO] Skipping ABERLE Stahlguss GmbH - folder already exists with content.

[INFO] Processing: Glaswerke Wolff + Meier GmbH & Co. KG
[INFO] Found the following reports for Glaswerke Wolff + Meier GmbH & Co. KG: 15

[INFO] Processing: Walter Götz GmbH
[INFO] Skipping Walter Götz GmbH - folder already exists with content.

[INFO] Processing: ditec Dichtungstechnik GmbH
[INFO] Found the following reports for ditec Dichtungstechnik GmbH: 20

[INFO] Processing: Nikon Precision Europe GmbH
[INFO] Found the following reports for Nikon Precision Europe GmbH: 17

[INFO] Processing: Walraven GmbH
[INFO] Found the following reports for Walraven GmbH: 20

[INFO] Processing: TLT-Turbo GmbH
[INFO] Found the following reports for TLT-Turbo GmbH: 2

[INFO] Processing: FAUDI Aviation GmbH
[INFO] Found the following reports for FAUDI Aviation GmbH: 20

[INFO] Processing: Stryker GmbH & Co. KG
[INFO] Found the following reports for Stryker GmbH & Co. KG: 20

[INFO] Processing: ABEL GmbH
[INFO] Found the following reports for ABEL GmbH: 14

[INFO] Processing: Ammann Elba Beton GmbH
[INFO] Found the following reports for Ammann Elba Beton GmbH: 9

[INFO] Processing: Ammann Asphalt GmbH
[INFO] Found the following reports for Ammann Asphalt GmbH: 16

[INFO] Processing: Profex Kunststoffe GmbH
[INFO] Found the following reports for Profex Kunststoffe GmbH: 16

[INFO] Processing: Spinnerei Lampertsmühle GmbH
[INFO] Found the following reports for Spinnerei Lampertsmühle GmbH: 8

[INFO] Processing: Ahlborn Meß- und Regelungstechnik GmbH
[INFO] Found the following reports for Ahlborn Meß- und Regelungstechnik GmbH: 15

[INFO] Processing: Jaeckel Modell- und Formenbau GmbH
[INFO] Found the following reports for Jaeckel Modell- und Formenbau GmbH: 15

[INFO] Processing: ABO Wind AG
[INFO] Found the following reports for ABO Wind AG: 4

[INFO] Processing: Promedia A. Ahnfeldt GmbH
[INFO] Found the following reports for Promedia A. Ahnfeldt GmbH: 13

[INFO] Processing: DREHTAINER GmbH
[INFO] Found the following reports for DREHTAINER GmbH: 19

[INFO] Processing: Mannstaedt GmbH
[INFO] Found the following reports for Mannstaedt GmbH: 9

[INFO] Processing: Solida Safety Line GmbH
[INFO] Found the following reports for Solida Safety Line GmbH: 3

[INFO] Processing: ACUS Textiles GmbH
[INFO] Found the following reports for ACUS Textiles GmbH: 16

[INFO] Processing: Aicher Präzisionstechnik GmbH & Co. KG
[ERROR] 'Aicher Präzisionstechnik GmbH & Co. KG' returned NoneType. Skipping to next company.
[INFO] No valid (dict) reports to store for Aicher Präzisionstechnik GmbH & Co. KG.

[INFO] Processing: Erich Ulrich GmbH & Co. KG
[INFO] Found the following reports for Erich Ulrich GmbH & Co. KG: 20

[INFO] Processing: GEALAN Fenster-Systeme GmbH
[INFO] No dictionary reports found for GEALAN Fenster-Systeme GmbH (data might be incomplete).

[INFO] Processing: Ambulanz Mobile GmbH & Co. KG
[INFO] Found the following reports for Ambulanz Mobile GmbH & Co. KG: 17

[INFO] Processing: Manfred Merklinger
[INFO] Found the following reports for Manfred Merklinger: 17

[INFO] Processing: Albrecht Präzision KG
[INFO] Found the following reports for Albrecht Präzision KG: 14

[INFO] Processing: Photon AG
[INFO] Found the following reports for Photon AG: 15

[INFO] Processing: Mouldtec Kunststoff - GmbH
[INFO] Found the following reports for Mouldtec Kunststoff - GmbH: 16

[INFO] Processing: LISA Laser Products GmbH
[INFO] Found the following reports for LISA Laser Products GmbH: 4

[INFO] Processing: PTW-Freiburg Physikalisch- Technische
[INFO] Found the following reports for PTW-Freiburg Physikalisch- Technische: 17

[INFO] Processing: DST Defence Service Tracks GmbH
[INFO] Found the following reports for DST Defence Service Tracks GmbH: 7

[INFO] Processing: Vollenda-Werk GmbH
[INFO] Found the following reports for Vollenda-Werk GmbH: 16

[INFO] Processing: Veolia Water Technologies
[INFO] Found the following reports for Veolia Water Technologies: 12

[INFO] Processing: Altendorfer Kunststofftechnik GmbH
[INFO] Found the following reports for Altendorfer Kunststofftechnik GmbH: 8

[INFO] Processing: Akiem Technik GmbH
[INFO] Found the following reports for Akiem Technik GmbH: 4

[INFO] Processing: Hüppe GmbH
[INFO] Found the following reports for Hüppe GmbH: 20

[INFO] Processing: RF Plast GmbH
[INFO] Found the following reports for RF Plast GmbH: 16

[INFO] Processing: Sanetta
[INFO] Found the following reports for Sanetta: 7

[INFO] Processing: Indorama Ventures Polymers Germany GmbH
[INFO] Found the following reports for Indorama Ventures Polymers Germany GmbH: 4

[INFO] Processing: LAYERTEC GmbH
[INFO] Found the following reports for LAYERTEC GmbH: 19

[INFO] Processing: KWL Blechverarbeitungs GmbH
[INFO] Found the following reports for KWL Blechverarbeitungs GmbH: 15

[INFO] Processing: National Instruments Germany GmbH
[INFO] Found the following reports for National Instruments Germany GmbH: 16

[INFO] Processing: Nordmeyer SMAG Mining & Drilling
[INFO] Found the following reports for Nordmeyer SMAG Mining & Drilling: 7

[INFO] Processing: TOGU GmbH
[INFO] Found the following reports for TOGU GmbH: 8

[INFO] Processing: Aluminium GmbH Nachrodt
[INFO] Found the following reports for Aluminium GmbH Nachrodt: 15

[INFO] Processing: SFC KOENIG GmbH
[INFO] Found the following reports for SFC KOENIG GmbH: 19

[INFO] Processing: iba AG
[INFO] Found the following reports for iba AG: 16

[INFO] Processing: K. Schulten GmbH & Co. KG
[INFO] Found the following reports for K. Schulten GmbH & Co. KG: 16

[INFO] Processing: Hugo MIEBACH GmbH
[INFO] Found the following reports for Hugo MIEBACH GmbH: 17

[INFO] Processing: ante-holz GmbH
[INFO] Found the following reports for ante-holz GmbH: 12

[INFO] Processing: Becorit GmbH
[INFO] Found the following reports for Becorit GmbH: 19

[INFO] Processing: Rolf Körner GmbH
[INFO] Found the following reports for Rolf Körner GmbH: 17

[INFO] Processing: H.I.T. Maschinenbau GmbH + Co. KG
[INFO] Found the following reports for H.I.T. Maschinenbau GmbH + Co. KG: 16

[INFO] Processing: Maschinenbau Karp GmbH
[INFO] Found the following reports for Maschinenbau Karp GmbH: 11

[INFO] Processing: Country Line Trachtenmoden GmbH
[INFO] Found the following reports for Country Line Trachtenmoden GmbH: 16

[INFO] Processing: Apeltrath & Rundt GmbH
[INFO] Found the following reports for Apeltrath & Rundt GmbH: 16

[INFO] Processing: ETG ELASTOMER-TECHNIK GEDERN GmbH
[INFO] Found the following reports for ETG ELASTOMER-TECHNIK GEDERN GmbH: 14

[INFO] Processing: APPEL GmbH
[INFO] Found the following reports for APPEL GmbH: 14

[INFO] Processing: Evident Technology Center Europe GmbH
[INFO] Found the following reports for Evident Technology Center Europe GmbH: 1

[INFO] Processing: Profilator GmbH & Co. KG
[INFO] No dictionary reports found for Profilator GmbH & Co. KG (data might be incomplete).

[INFO] Processing: Heinz Arens GmbH
[INFO] Found the following reports for Heinz Arens GmbH: 16

[INFO] Processing: Dr. Walter Ostermann DOB
[INFO] Found the following reports for Dr. Walter Ostermann DOB: 12

[INFO] Processing: HAPPICH Herrstein GmbH
[INFO] Found the following reports for HAPPICH Herrstein GmbH: 3

[INFO] Processing: Richard Neumayer GmbH
Traceback (most recent call last):
  File "/home/novoai/Documents/scraper/venv/lib/python3.10/site-packages/urllib3/connection.py", line 198, in _new_conn
    sock = connection.create_connection(
  File "/home/novoai/Documents/scraper/venv/lib/python3.10/site-packages/urllib3/util/connection.py", line 60, in create_connection
    for res in socket.getaddrinfo(host, port, family, socket.SOCK_STREAM):
  File "/usr/lib/python3.10/socket.py", line 955, in getaddrinfo
    for res in _socket.getaddrinfo(host, port, family, type, proto, flags):
socket.gaierror: [Errno -2] Name or service not known

The above exception was the direct cause of the following exception:

Traceback (most recent call last):
  File "/home/novoai/Documents/scraper/venv/lib/python3.10/site-packages/urllib3/connectionpool.py", line 787, in urlopen
    response = self._make_request(
  File "/home/novoai/Documents/scraper/venv/lib/python3.10/site-packages/urllib3/connectionpool.py", line 488, in _make_request
    raise new_e
  File "/home/novoai/Documents/scraper/venv/lib/python3.10/site-packages/urllib3/connectionpool.py", line 464, in _make_request
    self._validate_conn(conn)
  File "/home/novoai/Documents/scraper/venv/lib/python3.10/site-packages/urllib3/connectionpool.py", line 1093, in _validate_conn
    conn.connect()
  File "/home/novoai/Documents/scraper/venv/lib/python3.10/site-packages/urllib3/connection.py", line 704, in connect
    self.sock = sock = self._new_conn()
  File "/home/novoai/Documents/scraper/venv/lib/python3.10/site-packages/urllib3/connection.py", line 205, in _new_conn
    raise NameResolutionError(self.host, self, e) from e
urllib3.exceptions.NameResolutionError: <urllib3.connection.HTTPSConnection object at 0x7ea21c3833d0>: Failed to resolve 'www.bundesanzeiger.de' ([Errno -2] Name or service not known)

The above exception was the direct cause of the following exception:

Traceback (most recent call last):
  File "/home/novoai/Documents/scraper/venv/lib/python3.10/site-packages/requests/adapters.py", line 667, in send
    resp = conn.urlopen(
  File "/home/novoai/Documents/scraper/venv/lib/python3.10/site-packages/urllib3/connectionpool.py", line 841, in urlopen
    retries = retries.increment(
  File "/home/novoai/Documents/scraper/venv/lib/python3.10/site-packages/urllib3/util/retry.py", line 519, in increment
    raise MaxRetryError(_pool, url, reason) from reason  # type: ignore[arg-type]
urllib3.exceptions.MaxRetryError: HTTPSConnectionPool(host='www.bundesanzeiger.de', port=443): Max retries exceeded with url: / (Caused by NameResolutionError("<urllib3.connection.HTTPSConnection object at 0x7ea21c3833d0>: Failed to resolve 'www.bundesanzeiger.de' ([Errno -2] Name or service not known)"))

During handling of the above exception, another exception occurred:

Traceback (most recent call last):
  File "/home/novoai/Documents/scraper/app.py", line 432, in <module>
    main(input_csv)
  File "/home/novoai/Documents/scraper/app.py", line 403, in main
    extracted = process_company(company_name, base_dir)
  File "/home/novoai/Documents/scraper/app.py", line 272, in process_company
    data = get_reports_with_retry(company)
  File "/home/novoai/Documents/scraper/app.py", line 209, in get_reports_with_retry
    data = ba.get_reports(company)
  File "/home/novoai/Documents/scraper/venv/lib/python3.10/site-packages/deutschland/bundesanzeiger/bundesanzeiger.py", line 222, in get_reports
    response = self.__get_response("https://www.bundesanzeiger.de")
  File "/home/novoai/Documents/scraper/venv/lib/python3.10/site-packages/deutschland/bundesanzeiger/bundesanzeiger.py", line 184, in __get_response
    response = self.session.get(url)
  File "/home/novoai/Documents/scraper/venv/lib/python3.10/site-packages/requests/sessions.py", line 602, in get
    return self.request("GET", url, **kwargs)
  File "/home/novoai/Documents/scraper/venv/lib/python3.10/site-packages/requests/sessions.py", line 589, in request
    resp = self.send(prep, **send_kwargs)
  File "/home/novoai/Documents/scraper/venv/lib/python3.10/site-packages/requests/sessions.py", line 703, in send
    r = adapter.send(request, **kwargs)
  File "/home/novoai/Documents/scraper/venv/lib/python3.10/site-packages/requests/adapters.py", line 700, in send
    raise ConnectionError(e, request=request)
requests.exceptions.ConnectionError: HTTPSConnectionPool(host='www.bundesanzeiger.de', port=443): Max retries exceeded with url: / (Caused by NameResolutionError("<urllib3.connection.HTTPSConnection object at 0x7ea21c3833d0>: Failed to resolve 'www.bundesanzeiger.de' ([Errno -2] Name or service not known)"))
